vision-quickstart/app/build/intermediates/manifest_merge_blame_file/proguard/manifest-merger-blame-proguard-report.txt
1<?xml version="1.0" encoding="utf-8"?>
2<manifest xmlns:android="http://schemas.android.com/apk/res/android"
3    package="com.google.mlkit.vision"
4    android:installLocation="auto"
5    android:versionCode="11"
6    android:versionName="1.11" >
7
8    <uses-sdk
9        android:minSdkVersion="21"
9-->src\main\AndroidManifest.xml
10        android:targetSdkVersion="29" />
10-->src\main\AndroidManifest.xml
11
12    <!-- <uses-sdk -->
13    <!-- tools:overrideLibrary=" -->
14    <!-- androidx.camera.camera2, androidx.camera.core, -->
15    <!-- androidx.camera.view, androidx.camera.lifecycle" /> -->
16    <uses-feature android:name="android.hardware.camera" />
16-->src\main\AndroidManifest.xml:12:5-59
16-->src\main\AndroidManifest.xml:12:19-57
17
18    <uses-permission android:name="android.permission.CAMERA" />
18-->src\main\AndroidManifest.xml:13:5-64
18-->src\main\AndroidManifest.xml:13:22-62
19
20    <application
20-->src\main\AndroidManifest.xml:15:5-41:19
21        android:name="androidx.multidex.MultiDexApplication"
21-->src\main\AndroidManifest.xml:16:9-61
22        android:appComponentFactory="androidx.core.app.CoreComponentFactory"
22-->[androidx.core:core:1.3.1] AndroidManifest.xml:24:18-86
23        android:icon="@mipmap/ic_launcher"
23-->src\main\AndroidManifest.xml:17:9-43
24        android:label="Stare-Down"
24-->src\main\AndroidManifest.xml:18:9-35
25        android:testOnly="true"
26        android:theme="@style/Theme.AppCompat" >
26-->src\main\AndroidManifest.xml:19:9-47
27        <meta-data
27-->src\main\AndroidManifest.xml:21:9-23:68
28            android:name="com.google.android.gms.version"
28-->src\main\AndroidManifest.xml:22:13-58
29            android:value="@integer/google_play_services_version" />
29-->src\main\AndroidManifest.xml:23:13-66
30
31        <!--
32          Optional: Add it to automatically download ML model to device after
33          your app is installed.
34        -->
35        <meta-data
35-->src\main\AndroidManifest.xml:27:9-29:51
36            android:name="com.google.mlkit.vision.DEPENDENCIES"
36-->src\main\AndroidManifest.xml:28:13-64
37            android:value="barcode,face,ocr,ica" />
37-->src\main\AndroidManifest.xml:29:13-49
38
39        <activity
39-->src\main\AndroidManifest.xml:31:9-39:20
40            android:name="com.google.mlkit.vision.LivePreviewActivity"
40-->src\main\AndroidManifest.xml:32:13-48
41            android:exported="true"
41-->src\main\AndroidManifest.xml:33:13-36
42            android:theme="@style/AppTheme" >
42-->src\main\AndroidManifest.xml:34:13-44
43            <intent-filter>
43-->src\main\AndroidManifest.xml:35:13-38:29
44                <action android:name="android.intent.action.MAIN" />
44-->src\main\AndroidManifest.xml:36:17-68
44-->src\main\AndroidManifest.xml:36:25-66
45
46                <category android:name="android.intent.category.LAUNCHER" />
46-->src\main\AndroidManifest.xml:37:17-76
46-->src\main\AndroidManifest.xml:37:27-74
47            </intent-filter>
48        </activity>
49
50        <service
50-->[com.google.android.gms:play-services-mlkit-face-detection:16.1.1] AndroidManifest.xml:9:9-15:19
51            android:name="com.google.mlkit.common.internal.MlKitComponentDiscoveryService"
51-->[com.google.android.gms:play-services-mlkit-face-detection:16.1.1] AndroidManifest.xml:10:13-91
52            android:directBootAware="true"
52-->[com.google.mlkit:common:17.0.0] AndroidManifest.xml:17:13-43
53            android:exported="false" >
53-->[com.google.android.gms:play-services-mlkit-face-detection:16.1.1] AndroidManifest.xml:11:13-37
54            <meta-data
54-->[com.google.android.gms:play-services-mlkit-face-detection:16.1.1] AndroidManifest.xml:12:13-14:85
55                android:name="com.google.firebase.components:com.google.mlkit.vision.face.internal.FaceRegistrar"
55-->[com.google.android.gms:play-services-mlkit-face-detection:16.1.1] AndroidManifest.xml:13:17-114
56                android:value="com.google.firebase.components.ComponentRegistrar" />
56-->[com.google.android.gms:play-services-mlkit-face-detection:16.1.1] AndroidManifest.xml:14:17-82
57            <meta-data
57-->[com.google.mlkit:vision-common:16.1.0] AndroidManifest.xml:12:13-14:85
58                android:name="com.google.firebase.components:com.google.mlkit.vision.common.internal.VisionCommonRegistrar"
58-->[com.google.mlkit:vision-common:16.1.0] AndroidManifest.xml:13:17-124
59                android:value="com.google.firebase.components.ComponentRegistrar" />
59-->[com.google.mlkit:vision-common:16.1.0] AndroidManifest.xml:14:17-82
60            <meta-data
60-->[com.google.mlkit:common:17.0.0] AndroidManifest.xml:20:13-22:85
61                android:name="com.google.firebase.components:com.google.mlkit.common.internal.CommonComponentRegistrar"
61-->[com.google.mlkit:common:17.0.0] AndroidManifest.xml:21:17-120
62                android:value="com.google.firebase.components.ComponentRegistrar" />
62-->[com.google.mlkit:common:17.0.0] AndroidManifest.xml:22:17-82
63        </service>
64
65        <provider
65-->[com.google.mlkit:common:17.0.0] AndroidManifest.xml:9:9-13:38
66            android:name="com.google.mlkit.common.internal.MlKitInitProvider"
66-->[com.google.mlkit:common:17.0.0] AndroidManifest.xml:10:13-78
67            android:authorities="com.google.mlkit.vision.mlkitinitprovider"
67-->[com.google.mlkit:common:17.0.0] AndroidManifest.xml:11:13-69
68            android:exported="false"
68-->[com.google.mlkit:common:17.0.0] AndroidManifest.xml:12:13-37
69            android:initOrder="99" />
69-->[com.google.mlkit:common:17.0.0] AndroidManifest.xml:13:13-35
70
71        <activity
71-->[com.google.android.gms:play-services-base:17.0.0] AndroidManifest.xml:23:9-26:75
72            android:name="com.google.android.gms.common.api.GoogleApiActivity"
72-->[com.google.android.gms:play-services-base:17.0.0] AndroidManifest.xml:24:13-79
73            android:exported="false"
73-->[com.google.android.gms:play-services-base:17.0.0] AndroidManifest.xml:25:13-37
74            android:theme="@android:style/Theme.Translucent.NoTitleBar" />
74-->[com.google.android.gms:play-services-base:17.0.0] AndroidManifest.xml:26:13-72
75    </application>
76
77</manifest>